[31mStarting Rails server...[0m
[36mStarting Vite server...[0m
[31mStarting Rails server...[0m
[36mStarting Vite server...[0m
[31mStarting Rails server...[0m
[36mStarting Vite server...[0m
[31mStarting Rails server...[0m
[36mStarting Vite server...[0m
[31mStarting Rails server...[0m
[36mStarting Vite server...[0m
[31mStarting Rails server...[0m
[36mStarting Vite server...[0m
[31mStarting Rails server...[0m
[36mStarting Vite server...[0m
Error: Rails server failed to start.
[31mStarting Rails server...[0m
[36mStarting Vite server...[0m
Error: Rails server failed to start.
[31mStarting Rails server...[0m
[36mStarting Vite server...[0m
Error: Rails server failed to start.
[31mStarting Rails server...[0m
[36mStarting Vite server...[0m
Running npm run dev in frontend/web...
Error: Vite server failed to start.
[31mStarting Rails server...[0m
[36mStarting Vite server...[0m
Running npm run dev in frontend/web...
Error: Vite server failed to start.
[31mStarting Rails server...[0m
Error: Rails server failed to start.
Killing all active servers...
[31mStarting Rails server...[0m
Error: Rails server failed to start.
Killing all active servers...
[31mStarting Rails server...[0m
Error: Rails server failed to start.
Killing all active servers...
[31mStarting Rails server...[0m
Error: Rails server failed to start.
